Traceback (most recent call last):
  File "/Users/mac/AI_PLAYGROUND/EmuWorld/ai-service/.venv/bin/uvicorn", line 6, in <module>
    sys.exit(main())
             ~~~~^^
  File "/Users/mac/AI_PLAYGROUND/EmuWorld/ai-service/.venv/lib/python3.14/site-packages/click/core.py", line 1485, in __call__
    return self.main(*args, **kwargs)
           ~~~~~~~~~^^^^^^^^^^^^^^^^^
  File "/Users/mac/AI_PLAYGROUND/EmuWorld/ai-service/.venv/lib/python3.14/site-packages/click/core.py", line 1406, in main
    rv = self.invoke(ctx)
  File "/Users/mac/AI_PLAYGROUND/EmuWorld/ai-service/.venv/lib/python3.14/site-packages/click/core.py", line 1269, in invoke
    return ctx.invoke(self.callback, **ctx.params)
           ~~~~~~~~~~^^^^^^^^^^^^^^^^^^^^^^^^^^^^^
  File "/Users/mac/AI_PLAYGROUND/EmuWorld/ai-service/.venv/lib/python3.14/site-packages/click/core.py", line 824, in invoke
    return callback(*args, **kwargs)
  File "/Users/mac/AI_PLAYGROUND/EmuWorld/ai-service/.venv/lib/python3.14/site-packages/uvicorn/main.py", line 433, in main
    run(
    ~~~^
        app,
        ^^^^
    ...<47 lines>...
        h11_max_incomplete_event_size=h11_max_incomplete_event_size,
        ^^^^^^^^^^^^^^^^^^^^^^^^^^^^^^^^^^^^^^^^^^^^^^^^^^^^^^^^^^^^
    )
    ^
  File "/Users/mac/AI_PLAYGROUND/EmuWorld/ai-service/.venv/lib/python3.14/site-packages/uvicorn/main.py", line 606, in run
    server.run()
    ~~~~~~~~~~^^
  File "/Users/mac/AI_PLAYGROUND/EmuWorld/ai-service/.venv/lib/python3.14/site-packages/uvicorn/server.py", line 75, in run
    return asyncio_run(self.serve(sockets=sockets), loop_factory=self.config.get_loop_factory())
  File "/opt/homebrew/Cellar/python@3.14/3.14.3_1/Frameworks/Python.framework/Versions/3.14/lib/python3.14/asyncio/runners.py", line 204, in run
    return runner.run(main)
           ~~~~~~~~~~^^^^^^
  File "/opt/homebrew/Cellar/python@3.14/3.14.3_1/Frameworks/Python.framework/Versions/3.14/lib/python3.14/asyncio/runners.py", line 127, in run
    return self._loop.run_until_complete(task)
           ~~~~~~~~~~~~~~~~~~~~~~~~~~~~~^^^^^^
  File "/opt/homebrew/Cellar/python@3.14/3.14.3_1/Frameworks/Python.framework/Versions/3.14/lib/python3.14/asyncio/base_events.py", line 719, in run_until_complete
    return future.result()
           ~~~~~~~~~~~~~^^
  File "/Users/mac/AI_PLAYGROUND/EmuWorld/ai-service/.venv/lib/python3.14/site-packages/uvicorn/server.py", line 79, in serve
    await self._serve(sockets)
  File "/Users/mac/AI_PLAYGROUND/EmuWorld/ai-service/.venv/lib/python3.14/site-packages/uvicorn/server.py", line 86, in _serve
    config.load()
    ~~~~~~~~~~~^^
  File "/Users/mac/AI_PLAYGROUND/EmuWorld/ai-service/.venv/lib/python3.14/site-packages/uvicorn/config.py", line 441, in load
    self.loaded_app = import_from_string(self.app)
                      ~~~~~~~~~~~~~~~~~~^^^^^^^^^^
  File "/Users/mac/AI_PLAYGROUND/EmuWorld/ai-service/.venv/lib/python3.14/site-packages/uvicorn/importer.py", line 22, in import_from_string
    raise exc from None
  File "/Users/mac/AI_PLAYGROUND/EmuWorld/ai-service/.venv/lib/python3.14/site-packages/uvicorn/importer.py", line 19, in import_from_string
    module = importlib.import_module(module_str)
  File "/opt/homebrew/Cellar/python@3.14/3.14.3_1/Frameworks/Python.framework/Versions/3.14/lib/python3.14/importlib/__init__.py", line 88, in import_module
    return _bootstrap._gcd_import(name[level:], package, level)
           ~~~~~~~~~~~~~~~~~~~~~~^^^^^^^^^^^^^^^^^^^^^^^^^^^^^^
  File "<frozen importlib._bootstrap>", line 1398, in _gcd_import
  File "<frozen importlib._bootstrap>", line 1371, in _find_and_load
  File "<frozen importlib._bootstrap>", line 1342, in _find_and_load_unlocked
  File "<frozen importlib._bootstrap>", line 938, in _load_unlocked
  File "<frozen importlib._bootstrap_external>", line 759, in exec_module
  File "<frozen importlib._bootstrap>", line 491, in _call_with_frames_removed
  File "/Users/mac/AI_PLAYGROUND/EmuWorld/ai-service/main.py", line 5, in <module>
    import grpc
ModuleNotFoundError: No module named 'grpc'
