   Compiling zerocopy v0.8.48
   Compiling smallvec v1.15.1
   Compiling subtle v2.6.1
   Compiling getrandom v0.2.17
   Compiling tinyvec_macros v0.1.1
   Compiling form_urlencoded v1.2.2
   Compiling unicode-properties v0.1.4
   Compiling unicode-bidi v0.3.18
   Compiling whoami v1.6.1
   Compiling home v0.5.12
   Compiling tinyvec v1.11.0
   Compiling digest v0.10.7
   Compiling rand_core v0.6.4
   Compiling byteorder v1.5.0
   Compiling bitflags v2.11.0
   Compiling sha2 v0.10.9
   Compiling hmac v0.12.1
   Compiling icu_normalizer v2.2.0
   Compiling parking_lot_core v0.9.12
   Compiling unicode-normalization v0.1.25
   Compiling md-5 v0.10.6
   Compiling hkdf v0.12.4
   Compiling parking_lot v0.12.5
   Compiling hex v0.4.3
   Compiling dotenvy v0.15.7
   Compiling stringprep v0.1.5
   Compiling tracing-subscriber v0.3.23
   Compiling futures-intrusive v0.5.0
   Compiling async-trait v0.1.89
   Compiling tokio v1.50.0
   Compiling idna_adapter v1.2.1
   Compiling idna v1.1.0
   Compiling url v2.5.8
   Compiling sqlx-core v0.8.6
   Compiling ppv-lite86 v0.2.21
   Compiling rand_chacha v0.3.1
   Compiling rand v0.8.5
   Compiling tokio-util v0.7.18
   Compiling tokio-stream v0.1.18
   Compiling tower v0.5.3
   Compiling tokio-native-tls v0.3.1
   Compiling sqlx-postgres v0.8.6
   Compiling tower-http v0.6.8
   Compiling h2 v0.4.13
   Compiling sqlx-macros-core v0.8.6
   Compiling hyper v1.9.0
   Compiling sqlx-macros v0.8.6
   Compiling hyper-util v0.1.20
   Compiling sqlx v0.8.6
   Compiling hyper-tls v0.6.0
   Compiling axum v0.8.8
   Compiling reqwest v0.12.28
   Compiling emu-world-backend v0.1.0 (/Users/mac/AI_PLAYGROUND/EmuWorld/backend)
warning: struct `UpdateDataset` is never constructed
  --> src/repo/mod.rs:34:12
   |
34 | pub struct UpdateDataset {
   |            ^^^^^^^^^^^^^
   |
   = note: `#[warn(dead_code)]` (part of `#[warn(unused)]`) on by default

warning: method `get_dataset` is never used
  --> src/repo/mod.rs:78:14
   |
76 | pub trait DatasetRepo: Send + Sync {
   |           ----------- method in this trait
77 |     async fn list_datasets(&self) -> Result<Vec<Dataset>>;
78 |     async fn get_dataset(&self, id: i64) -> Result<Option<Dataset>>;
   |              ^^^^^^^^^^^

warning: method `get_source_by_name` is never used
   --> src/repo/mod.rs:109:14
    |
106 | pub trait DataSourceRepo: Send + Sync {
    |           -------------- method in this trait
...
109 |     async fn get_source_by_name(&self, name: &str) -> Result<Option<DataSource>>;
    |              ^^^^^^^^^^^^^^^^^^

warning: methods `base_url` and `api_key` are never used
  --> src/ingest/mod.rs:19:8
   |
17 | pub trait DataSource: Send + Sync {
   |           ---------- methods in this trait
18 |     fn name(&self) -> &str;
19 |     fn base_url(&self) -> &str;
   |        ^^^^^^^^
20 |     fn api_key(&self) -> &str;
   |        ^^^^^^^

warning: field `api_key` is never read
 --> src/ingest/world_bank.rs:7:5
  |
5 | pub struct WorldBankSource {
  |            --------------- field in this struct
6 |     api_base_url: String,
7 |     api_key: String,
  |     ^^^^^^^

warning: field `api_key` is never read
 --> src/ingest/imf.rs:7:5
  |
5 | pub struct IMFSource {
  |            --------- field in this struct
6 |     api_base_url: String,
7 |     api_key: String,
  |     ^^^^^^^

warning: field `api_key` is never read
 --> src/ingest/nbs.rs:7:5
  |
5 | pub struct NBSSource {
  |            --------- field in this struct
6 |     api_base_url: String,
7 |     api_key: String,
  |     ^^^^^^^

warning: field `api_key` is never read
 --> src/ingest/oecd.rs:7:5
  |
5 | pub struct OECDSoure {
  |            --------- field in this struct
6 |     api_base_url: String,
7 |     api_key: String,
  |     ^^^^^^^

warning: field `api_key` is never read
 --> src/ingest/eurostat.rs:7:5
  |
5 | pub struct EurostatSource {
  |            -------------- field in this struct
6 |     api_base_url: String,
7 |     api_key: String,
  |     ^^^^^^^

warning: `emu-world-backend` (bin "emu-world-backend") generated 9 warnings
    Finished `release` profile [optimized] target(s) in 12.15s
     Running `target/release/emu-world-backend`
[2m2026-04-02T13:29:57.936632Z[0m [32m INFO[0m [2memu_world_backend[0m[2m:[0m Connecting to PostgreSQL: postgresql://emuworld:emuworld_pass@localhost:5432/emuworld

thread 'main' (1441632) panicked at src/main.rs:17:47:
Failed to connect to PostgreSQL: Database("error returned from database: role \"emuworld\" does not exist")
note: run with `RUST_BACKTRACE=1` environment variable to display a backtrace
