
> frontend@0.0.0 dev
> vite --host 0.0.0.0 --port 5173

9:29:47 PM [vite] (client) Re-optimizing dependencies because lockfile has changed

  VITE v8.0.3  ready in 265 ms

  ➜  Local:   http://localhost:5173/
  ➜  Network: http://192.168.3.52:5173/
  ➜  Network: http://10.111.222.0:5173/
9:38:48 PM [vite] (client) hmr update /src/index.css
9:39:12 PM [vite] (client) hmr update /src/components/Header.tsx
9:39:31 PM [vite] (client) hmr update /src/components/StatusPanels.tsx
9:43:06 PM [vite] (client) hmr update /src/index.css
9:43:18 PM [vite] (client) hmr update /src/components/TabNav.tsx
9:43:28 PM [vite] (client) hmr update /src/components/DatasetList.tsx
9:43:55 PM [vite] (client) hmr update /src/components/TargetList.tsx
9:44:22 PM [vite] (client) hmr update /src/components/PredictionView.tsx
9:44:45 PM [vite] (client) hmr update /src/App.tsx
9:46:27 PM [vite] (client) hmr update /src/index.css
9:47:07 PM [vite] (client) hmr update /src/components/Header.tsx
9:47:15 PM [vite] (client) hmr update /src/components/StatusPanels.tsx
9:47:30 PM [vite] (client) hmr update /src/App.tsx
9:49:37 PM [vite] (client) hmr update /src/index.css
7:32:46 AM [vite] (client) hmr update /src/index.css
7:32:55 AM [vite] (client) hmr update /src/index.css
7:33:05 AM [vite] (client) hmr update /src/index.css
7:33:07 AM [vite] (client) hmr update /src/index.css
7:33:15 AM [vite] (client) hmr update /src/index.css
7:33:21 AM [vite] (client) hmr update /src/index.css
7:33:24 AM [vite] (client) hmr update /src/index.css
7:33:27 AM [vite] (client) hmr update /src/index.css
7:33:33 AM [vite] (client) hmr update /src/index.css
7:33:35 AM [vite] (client) hmr update /src/index.css
7:33:38 AM [vite] (client) hmr update /src/index.css
7:33:44 AM [vite] (client) hmr update /src/index.css
7:33:47 AM [vite] (client) hmr update /src/index.css
7:33:50 AM [vite] (client) hmr update /src/index.css
7:33:53 AM [vite] (client) hmr update /src/index.css
7:33:56 AM [vite] (client) hmr update /src/index.css
7:34:05 AM [vite] (client) hmr update /src/App.tsx
7:34:08 AM [vite] (client) hmr update /src/App.tsx
7:34:20 AM [vite] (client) hmr update /src/components/ParticleBackground.tsx
7:34:33 AM [vite] (client) hmr update /src/components/PredictionView.tsx
7:34:37 AM [vite] (client) hmr update /src/components/TargetList.tsx
8:03:02 AM [vite] (client) hmr update /src/index.css
